Generated at 2018-07-24 22:15:48 -0400
Mixlib::ShellOut::ShellCommandFailed: homebrew_package[java-1.7.0-openjdk-devel] (@recipe_files::/Users/mhuggins/Desktop/ASAP-IO-Analytics/chef-repo/cookbooks/tomcat/recipes/default.rb line 14) had an error: Mixlib::ShellOut::ShellCommandFailed: Expected process to exit with [0], but received '1'
---- Begin output of ["brew", "info", "--json=v1", "java-1.7.0-openjdk-devel"] ----
STDOUT: 
STDERR: Error: No available formula with the name "java-1.7.0-openjdk-devel"
---- End output of ["brew", "info", "--json=v1", "java-1.7.0-openjdk-devel"] ----
Ran ["brew", "info", "--json=v1", "java-1.7.0-openjdk-devel"] returned 1
/opt/chef-workstation/embedded/lib/ruby/gems/2.5.0/gems/mixlib-shellout-2.3.2/lib/mixlib/shellout.rb:293:in `invalid!'
/opt/chef-workstation/embedded/lib/ruby/gems/2.5.0/gems/mixlib-shellout-2.3.2/lib/mixlib/shellout.rb:280:in `error!'
/opt/chef-workstation/embedded/lib/ruby/gems/2.5.0/gems/chef-14.2.0/lib/chef/mixin/shell_out.rb:124:in `shell_out!'
/opt/chef-workstation/embedded/lib/ruby/gems/2.5.0/gems/chef-14.2.0/lib/chef/mixin/shell_out.rb:76:in `shell_out_compact!'
/opt/chef-workstation/embedded/lib/ruby/gems/2.5.0/gems/chef-14.2.0/lib/chef/mixin/shell_out.rb:95:in `shell_out_compact_timeout!'
/opt/chef-workstation/embedded/lib/ruby/gems/2.5.0/gems/chef-14.2.0/lib/chef/provider/package/homebrew.rb:131:in `get_response_from_command'
/opt/chef-workstation/embedded/lib/ruby/gems/2.5.0/gems/chef-14.2.0/lib/chef/provider/package/homebrew.rb:77:in `brew'
/opt/chef-workstation/embedded/lib/ruby/gems/2.5.0/gems/chef-14.2.0/lib/chef/provider/package/homebrew.rb:89:in `brew_info'
/opt/chef-workstation/embedded/lib/ruby/gems/2.5.0/gems/chef-14.2.0/lib/chef/provider/package/homebrew.rb:99:in `current_installed_version'
/opt/chef-workstation/embedded/lib/ruby/gems/2.5.0/gems/chef-14.2.0/lib/chef/provider/package/homebrew.rb:37:in `load_current_resource'
/opt/chef-workstation/embedded/lib/ruby/gems/2.5.0/gems/chef-14.2.0/lib/chef/provider.rb:165:in `run_action'
/opt/chef-workstation/embedded/lib/ruby/gems/2.5.0/gems/chef-14.2.0/lib/chef/resource.rb:577:in `run_action'
/opt/chef-workstation/embedded/lib/ruby/gems/2.5.0/gems/chef-14.2.0/lib/chef/runner.rb:70:in `run_action'
/opt/chef-workstation/embedded/lib/ruby/gems/2.5.0/gems/chef-14.2.0/lib/chef/runner.rb:98:in `block (2 levels) in converge'
/opt/chef-workstation/embedded/lib/ruby/gems/2.5.0/gems/chef-14.2.0/lib/chef/runner.rb:98:in `each'
/opt/chef-workstation/embedded/lib/ruby/gems/2.5.0/gems/chef-14.2.0/lib/chef/runner.rb:98:in `block in converge'
/opt/chef-workstation/embedded/lib/ruby/gems/2.5.0/gems/chef-14.2.0/lib/chef/resource_collection/resource_list.rb:94:in `block in execute_each_resource'
/opt/chef-workstation/embedded/lib/ruby/gems/2.5.0/gems/chef-14.2.0/lib/chef/resource_collection/stepable_iterator.rb:114:in `call_iterator_block'
/opt/chef-workstation/embedded/lib/ruby/gems/2.5.0/gems/chef-14.2.0/lib/chef/resource_collection/stepable_iterator.rb:85:in `step'
/opt/chef-workstation/embedded/lib/ruby/gems/2.5.0/gems/chef-14.2.0/lib/chef/resource_collection/stepable_iterator.rb:103:in `iterate'
/opt/chef-workstation/embedded/lib/ruby/gems/2.5.0/gems/chef-14.2.0/lib/chef/resource_collection/stepable_iterator.rb:55:in `each_with_index'
/opt/chef-workstation/embedded/lib/ruby/gems/2.5.0/gems/chef-14.2.0/lib/chef/resource_collection/resource_list.rb:92:in `execute_each_resource'
/opt/chef-workstation/embedded/lib/ruby/gems/2.5.0/gems/chef-14.2.0/lib/chef/runner.rb:97:in `converge'
/opt/chef-workstation/embedded/lib/ruby/gems/2.5.0/gems/chef-14.2.0/lib/chef/client.rb:717:in `block in converge'
/opt/chef-workstation/embedded/lib/ruby/gems/2.5.0/gems/chef-14.2.0/lib/chef/client.rb:712:in `catch'
/opt/chef-workstation/embedded/lib/ruby/gems/2.5.0/gems/chef-14.2.0/lib/chef/client.rb:712:in `converge'
/opt/chef-workstation/embedded/lib/ruby/gems/2.5.0/gems/chef-14.2.0/lib/chef/client.rb:751:in `converge_and_save'
/opt/chef-workstation/embedded/lib/ruby/gems/2.5.0/gems/chef-14.2.0/lib/chef/client.rb:283:in `run'
/opt/chef-workstation/embedded/lib/ruby/gems/2.5.0/gems/chef-14.2.0/lib/chef/application.rb:303:in `run_with_graceful_exit_option'
/opt/chef-workstation/embedded/lib/ruby/gems/2.5.0/gems/chef-14.2.0/lib/chef/application.rb:279:in `block in run_chef_client'
/opt/chef-workstation/embedded/lib/ruby/gems/2.5.0/gems/chef-14.2.0/lib/chef/local_mode.rb:44:in `with_server_connectivity'
/opt/chef-workstation/embedded/lib/ruby/gems/2.5.0/gems/chef-14.2.0/lib/chef/application.rb:261:in `run_chef_client'
/opt/chef-workstation/embedded/lib/ruby/gems/2.5.0/gems/chef-14.2.0/lib/chef/application/client.rb:441:in `run_application'
/opt/chef-workstation/embedded/lib/ruby/gems/2.5.0/gems/chef-14.2.0/lib/chef/application.rb:66:in `run'
/opt/chef-workstation/embedded/lib/ruby/gems/2.5.0/gems/chef-14.2.0/bin/chef-client:26:in `<top (required)>'
/usr/local/bin/chef-client:272:in `load'
/usr/local/bin/chef-client:272:in `<main>'

>>>> Caused by Mixlib::ShellOut::ShellCommandFailed: Expected process to exit with [0], but received '1'
---- Begin output of ["brew", "info", "--json=v1", "java-1.7.0-openjdk-devel"] ----
STDOUT: 
STDERR: Error: No available formula with the name "java-1.7.0-openjdk-devel"
---- End output of ["brew", "info", "--json=v1", "java-1.7.0-openjdk-devel"] ----
Ran ["brew", "info", "--json=v1", "java-1.7.0-openjdk-devel"] returned 1
/opt/chef-workstation/embedded/lib/ruby/gems/2.5.0/gems/mixlib-shellout-2.3.2/lib/mixlib/shellout.rb:293:in `invalid!'
/opt/chef-workstation/embedded/lib/ruby/gems/2.5.0/gems/mixlib-shellout-2.3.2/lib/mixlib/shellout.rb:280:in `error!'
/opt/chef-workstation/embedded/lib/ruby/gems/2.5.0/gems/chef-14.2.0/lib/chef/mixin/shell_out.rb:124:in `shell_out!'
/opt/chef-workstation/embedded/lib/ruby/gems/2.5.0/gems/chef-14.2.0/lib/chef/mixin/shell_out.rb:76:in `shell_out_compact!'
/opt/chef-workstation/embedded/lib/ruby/gems/2.5.0/gems/chef-14.2.0/lib/chef/mixin/shell_out.rb:95:in `shell_out_compact_timeout!'
/opt/chef-workstation/embedded/lib/ruby/gems/2.5.0/gems/chef-14.2.0/lib/chef/provider/package/homebrew.rb:131:in `get_response_from_command'
/opt/chef-workstation/embedded/lib/ruby/gems/2.5.0/gems/chef-14.2.0/lib/chef/provider/package/homebrew.rb:77:in `brew'
/opt/chef-workstation/embedded/lib/ruby/gems/2.5.0/gems/chef-14.2.0/lib/chef/provider/package/homebrew.rb:89:in `brew_info'
/opt/chef-workstation/embedded/lib/ruby/gems/2.5.0/gems/chef-14.2.0/lib/chef/provider/package/homebrew.rb:99:in `current_installed_version'
/opt/chef-workstation/embedded/lib/ruby/gems/2.5.0/gems/chef-14.2.0/lib/chef/provider/package/homebrew.rb:37:in `load_current_resource'
/opt/chef-workstation/embedded/lib/ruby/gems/2.5.0/gems/chef-14.2.0/lib/chef/provider.rb:165:in `run_action'
/opt/chef-workstation/embedded/lib/ruby/gems/2.5.0/gems/chef-14.2.0/lib/chef/resource.rb:577:in `run_action'
/opt/chef-workstation/embedded/lib/ruby/gems/2.5.0/gems/chef-14.2.0/lib/chef/runner.rb:70:in `run_action'
/opt/chef-workstation/embedded/lib/ruby/gems/2.5.0/gems/chef-14.2.0/lib/chef/runner.rb:98:in `block (2 levels) in converge'
/opt/chef-workstation/embedded/lib/ruby/gems/2.5.0/gems/chef-14.2.0/lib/chef/runner.rb:98:in `each'
/opt/chef-workstation/embedded/lib/ruby/gems/2.5.0/gems/chef-14.2.0/lib/chef/runner.rb:98:in `block in converge'
/opt/chef-workstation/embedded/lib/ruby/gems/2.5.0/gems/chef-14.2.0/lib/chef/resource_collection/resource_list.rb:94:in `block in execute_each_resource'
/opt/chef-workstation/embedded/lib/ruby/gems/2.5.0/gems/chef-14.2.0/lib/chef/resource_collection/stepable_iterator.rb:114:in `call_iterator_block'
/opt/chef-workstation/embedded/lib/ruby/gems/2.5.0/gems/chef-14.2.0/lib/chef/resource_collection/stepable_iterator.rb:85:in `step'
/opt/chef-workstation/embedded/lib/ruby/gems/2.5.0/gems/chef-14.2.0/lib/chef/resource_collection/stepable_iterator.rb:103:in `iterate'
/opt/chef-workstation/embedded/lib/ruby/gems/2.5.0/gems/chef-14.2.0/lib/chef/resource_collection/stepable_iterator.rb:55:in `each_with_index'
/opt/chef-workstation/embedded/lib/ruby/gems/2.5.0/gems/chef-14.2.0/lib/chef/resource_collection/resource_list.rb:92:in `execute_each_resource'
/opt/chef-workstation/embedded/lib/ruby/gems/2.5.0/gems/chef-14.2.0/lib/chef/runner.rb:97:in `converge'
/opt/chef-workstation/embedded/lib/ruby/gems/2.5.0/gems/chef-14.2.0/lib/chef/client.rb:717:in `block in converge'
/opt/chef-workstation/embedded/lib/ruby/gems/2.5.0/gems/chef-14.2.0/lib/chef/client.rb:712:in `catch'
/opt/chef-workstation/embedded/lib/ruby/gems/2.5.0/gems/chef-14.2.0/lib/chef/client.rb:712:in `converge'
/opt/chef-workstation/embedded/lib/ruby/gems/2.5.0/gems/chef-14.2.0/lib/chef/client.rb:751:in `converge_and_save'
/opt/chef-workstation/embedded/lib/ruby/gems/2.5.0/gems/chef-14.2.0/lib/chef/client.rb:283:in `run'
/opt/chef-workstation/embedded/lib/ruby/gems/2.5.0/gems/chef-14.2.0/lib/chef/application.rb:303:in `run_with_graceful_exit_option'
/opt/chef-workstation/embedded/lib/ruby/gems/2.5.0/gems/chef-14.2.0/lib/chef/application.rb:279:in `block in run_chef_client'
/opt/chef-workstation/embedded/lib/ruby/gems/2.5.0/gems/chef-14.2.0/lib/chef/local_mode.rb:44:in `with_server_connectivity'
/opt/chef-workstation/embedded/lib/ruby/gems/2.5.0/gems/chef-14.2.0/lib/chef/application.rb:261:in `run_chef_client'
/opt/chef-workstation/embedded/lib/ruby/gems/2.5.0/gems/chef-14.2.0/lib/chef/application/client.rb:441:in `run_application'
/opt/chef-workstation/embedded/lib/ruby/gems/2.5.0/gems/chef-14.2.0/lib/chef/application.rb:66:in `run'
/opt/chef-workstation/embedded/lib/ruby/gems/2.5.0/gems/chef-14.2.0/bin/chef-client:26:in `<top (required)>'
/usr/local/bin/chef-client:272:in `load'
/usr/local/bin/chef-client:272:in `<main>'