E, [2018-07-22T18:05:23.946046 #4311] ERROR -- Kitchen: ------Exception-------
E, [2018-07-22T18:05:23.946431 #4311] ERROR -- Kitchen: Class: Kitchen::UserError
E, [2018-07-22T18:05:23.946493 #4311] ERROR -- Kitchen: Message: Kitchen YAML file /Users/mhuggins/Desktop/ASAP-IO-Analytics/chef-repo/.kitchen.yml does not exist.
E, [2018-07-22T18:05:23.946542 #4311] ERROR -- Kitchen: ----------------------
E, [2018-07-22T18:05:23.946584 #4311] ERROR -- Kitchen: ------Backtrace-------
E, [2018-07-22T18:05:23.946626 #4311] ERROR -- Kitchen: /opt/chef-workstation/embedded/lib/ruby/gems/2.5.0/gems/test-kitchen-1.22.0/lib/kitchen/loader/yaml.rb:65:in `read'
E, [2018-07-22T18:05:23.946667 #4311] ERROR -- Kitchen: /opt/chef-workstation/embedded/lib/ruby/gems/2.5.0/gems/test-kitchen-1.22.0/lib/kitchen/config.rb:152:in `data'
E, [2018-07-22T18:05:23.946707 #4311] ERROR -- Kitchen: /opt/chef-workstation/embedded/lib/ruby/gems/2.5.0/gems/test-kitchen-1.22.0/lib/kitchen/config.rb:131:in `suites'
E, [2018-07-22T18:05:23.946784 #4311] ERROR -- Kitchen: /opt/chef-workstation/embedded/lib/ruby/gems/2.5.0/gems/test-kitchen-1.22.0/lib/kitchen/config.rb:182:in `filter_instances'
E, [2018-07-22T18:05:23.946824 #4311] ERROR -- Kitchen: /opt/chef-workstation/embedded/lib/ruby/gems/2.5.0/gems/test-kitchen-1.22.0/lib/kitchen/config.rb:141:in `build_instances'
E, [2018-07-22T18:05:23.946865 #4311] ERROR -- Kitchen: /opt/chef-workstation/embedded/lib/ruby/gems/2.5.0/gems/test-kitchen-1.22.0/lib/kitchen/config.rb:117:in `instances'
E, [2018-07-22T18:05:23.946934 #4311] ERROR -- Kitchen: /opt/chef-workstation/embedded/lib/ruby/gems/2.5.0/gems/test-kitchen-1.22.0/lib/kitchen/command.rb:112:in `filtered_instances'
E, [2018-07-22T18:05:23.946982 #4311] ERROR -- Kitchen: /opt/chef-workstation/embedded/lib/ruby/gems/2.5.0/gems/test-kitchen-1.22.0/lib/kitchen/command.rb:142:in `parse_subcommand'
E, [2018-07-22T18:05:23.947021 #4311] ERROR -- Kitchen: /opt/chef-workstation/embedded/lib/ruby/gems/2.5.0/gems/test-kitchen-1.22.0/lib/kitchen/command/login.rb:29:in `call'
E, [2018-07-22T18:05:23.947058 #4311] ERROR -- Kitchen: /opt/chef-workstation/embedded/lib/ruby/gems/2.5.0/gems/test-kitchen-1.22.0/lib/kitchen/cli.rb:52:in `perform'
E, [2018-07-22T18:05:23.947094 #4311] ERROR -- Kitchen: /opt/chef-workstation/embedded/lib/ruby/gems/2.5.0/gems/test-kitchen-1.22.0/lib/kitchen/cli.rb:252:in `login'
E, [2018-07-22T18:05:23.947137 #4311] ERROR -- Kitchen: /opt/chef-workstation/embedded/lib/ruby/gems/2.5.0/gems/thor-0.20.0/lib/thor/command.rb:27:in `run'
E, [2018-07-22T18:05:23.947173 #4311] ERROR -- Kitchen: /opt/chef-workstation/embedded/lib/ruby/gems/2.5.0/gems/thor-0.20.0/lib/thor/invocation.rb:126:in `invoke_command'
E, [2018-07-22T18:05:23.947209 #4311] ERROR -- Kitchen: /opt/chef-workstation/embedded/lib/ruby/gems/2.5.0/gems/thor-0.20.0/lib/thor.rb:387:in `dispatch'
E, [2018-07-22T18:05:23.947246 #4311] ERROR -- Kitchen: /opt/chef-workstation/embedded/lib/ruby/gems/2.5.0/gems/thor-0.20.0/lib/thor/base.rb:466:in `start'
E, [2018-07-22T18:05:23.947283 #4311] ERROR -- Kitchen: /opt/chef-workstation/embedded/lib/ruby/gems/2.5.0/gems/test-kitchen-1.22.0/bin/kitchen:13:in `block in <top (required)>'
E, [2018-07-22T18:05:23.947319 #4311] ERROR -- Kitchen: /opt/chef-workstation/embedded/lib/ruby/gems/2.5.0/gems/test-kitchen-1.22.0/lib/kitchen/errors.rb:171:in `with_friendly_errors'
E, [2018-07-22T18:05:23.947355 #4311] ERROR -- Kitchen: /opt/chef-workstation/embedded/lib/ruby/gems/2.5.0/gems/test-kitchen-1.22.0/bin/kitchen:13:in `<top (required)>'
E, [2018-07-22T18:05:23.947394 #4311] ERROR -- Kitchen: /usr/local/bin/kitchen:272:in `load'
E, [2018-07-22T18:05:23.947430 #4311] ERROR -- Kitchen: /usr/local/bin/kitchen:272:in `<main>'
E, [2018-07-22T18:05:23.947467 #4311] ERROR -- Kitchen: ----End Backtrace-----
